root - INFO - This is a info log
root - WARNING - This is a warning log
root - ERROR - This is a error log
root - CRITICAL - This is a critical log
root - DEBUG - This is a debug log
root - INFO - This is a info log
root - WARNING - This is a warning log
root - ERROR - This is a error log
root - CRITICAL - This is a critical log
root - DEBUG - This is a debug log
root - INFO - This is a info log
root - WARNING - This is a warning log
root - ERROR - This is a error log
root - CRITICAL - This is a critical log
root - DEBUG - This is a debug log
root - INFO - This is a info log
root - WARNING - This is a warning log
root - ERROR - This is a error log
root - CRITICAL - This is a critical log
2025-09-22 19:04:54 - DEBUG - This is a debug log
2025-09-22 19:04:54 - INFO - This is a info log
2025-09-22 19:04:54 - WARNING - This is a warning log
2025-09-22 19:04:54 - ERROR - This is a error log
2025-09-22 19:04:54 - CRITICAL - This is a critical log
