2025-09-23 12:40:58,920 - app.py:10 - INFO:HERE IS INFO LOG
2025-09-23 12:40:58,920 - app.py:12 - WARNING:HERE IS WARNING LOG
2025-09-23 12:40:58,920 - app.py:14 - ERROR:HERE IS ERROR LOG
2025-09-23 12:40:58,921 - app.py:16 - CRITICAL:HERE IS CRITICAL LOG
2025-09-23 12:40:58,921 - db.py:12 - WARNING:HERE IS WARNING LOG
2025-09-23 12:40:58,921 - db.py:14 - ERROR:HERE IS ERROR LOG
2025-09-23 12:40:58,921 - db.py:16 - CRITICAL:HERE IS CRITICAL LOG
2025-09-23 12:40:58,921 - logic.py:14 - ERROR:HERE IS ERROR LOG
2025-09-23 12:40:58,921 - logic.py:16 - CRITICAL:HERE IS CRITICAL LOG
2025-09-23 12:42:43,769 - app.py:10 - INFO:HERE IS INFO LOG
2025-09-23 12:42:43,770 - app.py:12 - WARNING:HERE IS WARNING LOG
2025-09-23 12:42:43,770 - app.py:14 - ERROR:HERE IS ERROR LOG
2025-09-23 12:42:43,770 - app.py:16 - CRITICAL:HERE IS CRITICAL LOG
2025-09-23 12:42:43,770 - db.py:12 - WARNING:HERE IS WARNING LOG
2025-09-23 12:42:43,770 - db.py:14 - ERROR:HERE IS ERROR LOG
2025-09-23 12:42:43,770 - db.py:16 - CRITICAL:HERE IS CRITICAL LOG
2025-09-23 12:42:43,770 - logic.py:14 - ERROR:HERE IS ERROR LOG
2025-09-23 12:42:43,770 - logic.py:16 - CRITICAL:HERE IS CRITICAL LOG
2025-09-23 12:42:44,773 - app.py:10 - INFO:HERE IS INFO LOG
2025-09-23 12:42:44,774 - app.py:12 - WARNING:HERE IS WARNING LOG
2025-09-23 12:42:44,774 - app.py:14 - ERROR:HERE IS ERROR LOG
2025-09-23 12:42:44,774 - app.py:16 - CRITICAL:HERE IS CRITICAL LOG
2025-09-23 12:42:44,774 - db.py:12 - WARNING:HERE IS WARNING LOG
2025-09-23 12:42:44,774 - db.py:14 - ERROR:HERE IS ERROR LOG
2025-09-23 12:42:44,774 - db.py:16 - CRITICAL:HERE IS CRITICAL LOG
2025-09-23 12:42:44,774 - logic.py:14 - ERROR:HERE IS ERROR LOG
2025-09-23 12:42:44,774 - logic.py:16 - CRITICAL:HERE IS CRITICAL LOG
